


          SolidWorks Corporation - STEP Processor Error Log
          ______________________________________________________

                       STEP Post Processor
                       ___________________


STEP File Name: D:\nus\Rover\Sawppy_Rover\Rover Chassis.step


XLTR: Circuit sanity failure
XLTR: Circuit sanity failure
XLTR: Circuit sanity failure
XLTR: Circuit sanity failure
XLTR: Circuit sanity failure
XLTR: Circuit sanity failure
XLTR: Circuit sanity failure
XLTR: Circuit sanity failure
Surfaces successfully processed into a solid body.
STEP-in completed.XLTR: Circuit sanity failure
XLTR: Circuit sanity failure
Surfaces successfully processed into a solid body.
STEP-in completed.Surfaces successfully processed into a solid body.
STEP-in completed.Surfaces successfully processed into a solid body.
STEP-in completed.XLTR: Circuit sanity failure
XLTR: Circuit sanity failure
Surfaces successfully processed into a solid body.
STEP-in completed.XLTR: Circuit sanity failure
XLTR: Circuit sanity failure
XLTR: Circuit sanity failure
XLTR: Circuit sanity failure
Surfaces successfully processed into a solid body.
STEP-in completed.Surfaces successfully processed into a solid body.
STEP-in completed.Surfaces successfully processed into a solid body.
STEP-in completed.Surfaces successfully processed into a solid body.
STEP-in completed.XLTR: Circuit sanity failure
XLTR: Circuit sanity failure
Surfaces successfully processed into a solid body.
STEP-in completed.XLTR: Circuit sanity failure
XLTR: Circuit sanity failure
Surfaces successfully processed into a solid body.
STEP-in completed.Surfaces successfully processed into a solid body.
STEP-in completed.Surfaces successfully processed into a solid body.
STEP-in completed.XLTR: Circuit sanity failure
XLTR: Circuit sanity failure
XLTR: Circuit sanity failure
XLTR: Circuit sanity failure
Surfaces successfully processed into a solid body.
STEP-in completed.XLTR: Circuit sanity failure
XLTR: Circuit sanity failure
XLTR: Circuit sanity failure
XLTR: Circuit sanity failure
XLTR: Circuit sanity failure
XLTR: Circuit sanity failure
XLTR: Circuit sanity failure
XLTR: Circuit sanity failure
XLTR: Circuit sanity failure
XLTR: Circuit sanity failure
XLTR: Circuit sanity failure
XLTR: Circuit sanity failure
XLTR: Circuit sanity failure
XLTR: Circuit sanity failure
XLTR: Circuit sanity failure
XLTR: Circuit sanity failure
Surfaces successfully processed into a solid body.
STEP-in completed.Surfaces successfully processed into a solid body.
STEP-in completed.Surfaces successfully processed into a solid body.
STEP-in completed.Surfaces successfully processed into a solid body.
STEP-in completed.XLTR: Circuit sanity failure
XLTR: Circuit sanity failure
Surfaces successfully processed into a solid body.
STEP-in completed.Surfaces successfully processed into a solid body.
STEP-in completed.Surfaces successfully processed into a solid body.
STEP-in completed.XLTR: Circuit sanity failure
XLTR: Circuit sanity failure
XLTR: Circuit sanity failure
XLTR: Circuit sanity failure
XLTR: Circuit sanity failure
XLTR: Circuit sanity failure
XLTR: Circuit sanity failure
XLTR: Circuit sanity failure
XLTR: Circuit sanity failure
XLTR: Circuit sanity failure
XLTR: Circuit sanity failure
XLTR: Circuit sanity failure
XLTR: Circuit sanity failure
XLTR: Circuit sanity failure
XLTR: Circuit sanity failure
XLTR: Circuit sanity failure
XLTR: Circuit sanity failure
XLTR: Circuit sanity failure
XLTR: Circuit sanity failure
XLTR: Circuit sanity failure
XLTR: Circuit sanity failure
XLTR: Circuit sanity failure
Surfaces successfully processed into a solid body.
STEP-in completed.
Error: Unable to create solid from trimmed surfaces.
STEP-in did not complete successfully.
Surfaces successfully processed into a solid body.
STEP-in completed.Surfaces successfully processed into a solid body.
STEP-in completed.Surfaces successfully processed into a solid body.
STEP-in completed.Surfaces successfully processed into a solid body.
STEP-in completed.Surfaces successfully processed into a solid body.
STEP-in completed.XLTR: Circuit sanity failure
XLTR: Circuit sanity failure
XLTR: Circuit sanity failure
XLTR: Circuit sanity failure
Surfaces successfully processed into a solid body.
STEP-in completed.XLTR: Circuit sanity failure
XLTR: Circuit sanity failure
XLTR: Circuit sanity failure
XLTR: Circuit sanity failure
XLTR: Circuit sanity failure
XLTR: Circuit sanity failure
XLTR: Circuit sanity failure
XLTR: Circuit sanity failure
Surfaces successfully processed into a solid body.
STEP-in completed.Surfaces successfully processed into a solid body.
STEP-in completed.Surfaces successfully processed into a solid body.
STEP-in completed.XLTR: Circuit sanity failure
XLTR: Circuit sanity failure
XLTR: Circuit sanity failure
XLTR: Circuit sanity failure
XLTR: Circuit sanity failure
XLTR: Circuit sanity failure
XLTR: Circuit sanity failure
XLTR: Circuit sanity failure
XLTR: Circuit sanity failure
XLTR: Circuit sanity failure
XLTR: Circuit sanity failure
XLTR: Circuit sanity failure
XLTR: Circuit sanity failure
XLTR: Circuit sanity failure
XLTR: Circuit sanity failure
XLTR: Circuit sanity failure
XLTR: Circuit sanity failure
XLTR: Circuit sanity failure
XLTR: Circuit sanity failure
XLTR: Circuit sanity failure
XLTR: Circuit sanity failure
XLTR: Circuit sanity failure
XLTR: Circuit sanity failure
XLTR: Circuit sanity failure
Surfaces successfully processed into a solid body.
STEP-in completed.Surfaces successfully processed into a solid body.
STEP-in completed.Surfaces successfully processed into a solid body.
STEP-in completed.XLTR: Circuit sanity failure
XLTR: Circuit sanity failure
XLTR: Circuit sanity failure
XLTR: Circuit sanity failure
Surfaces successfully processed into a solid body.
STEP-in completed.XLTR: Circuit sanity failure
XLTR: Circuit sanity failure
XLTR: Circuit sanity failure
XLTR: Circuit sanity failure
Surfaces successfully processed into a solid body.
STEP-in completed.XLTR: Circuit sanity failure
XLTR: Circuit sanity failure
Surfaces successfully processed into a solid body.
STEP-in completed.Surfaces successfully processed into a solid body.
STEP-in completed.Surfaces successfully processed into a solid body.
STEP-in completed.XLTR: Circuit sanity failure
XLTR: Circuit sanity failure
XLTR: Circuit sanity failure
XLTR: Circuit sanity failure
Surfaces successfully processed into a solid body.
STEP-in completed.Surfaces successfully processed into a solid body.
STEP-in completed.Surfaces successfully processed into a solid body.
STEP-in completed.Surfaces successfully processed into a solid body.
STEP-in completed.Surfaces successfully processed into a solid body.
STEP-in completed.Surfaces successfully processed into a solid body.
STEP-in completed.XLTR: Circuit sanity failure
XLTR: Circuit sanity failure
XLTR: Circuit sanity failure
XLTR: Circuit sanity failure
XLTR: Circuit sanity failure
XLTR: Circuit sanity failure
XLTR: Circuit sanity failure
XLTR: Circuit sanity failure
XLTR: Circuit sanity failure
XLTR: Circuit sanity failure
XLTR: Circuit sanity failure
XLTR: Circuit sanity failure
XLTR: Circuit sanity failure
XLTR: Circuit sanity failure
XLTR: Circuit sanity failure
XLTR: Circuit sanity failure
XLTR: Circuit sanity failure
XLTR: Circuit sanity failure
XLTR: Circuit sanity failure
XLTR: Circuit sanity failure
Surfaces successfully processed into a solid body.
STEP-in completed.Surfaces successfully processed into a solid body.
STEP-in completed.